<?xml version="1.0" encoding="UTF-8"?>
<!-- Generated by org.testng.reporters.JUnitReportReporter -->
<testsuite hostname="LAPTOP-E0QNVRSJ" failures="0" tests="1" name="Login_Scenario1" time="7.892" errors="0" timestamp="2021-04-01T11:18:14 ICT" skipped="0">
  <testcase classname="Login_Scenario1" name="login" time="7.892"/>
  <system-out/>
</testsuite> <!-- Login_Scenario1 -->
